2018-06-10 14:47:19,448 WARN  org.springframework.web.context.support.XmlWebApplicationContext - Exception encountered during context initialization - cancelling refresh attempt: org.springframework.beans.factory.BeanCreationException: Error creating bean with name 'sqlSessionFactory' defined in file [E:\github-repository\GitHub\wangbin-ssm\target\ssm\WEB-INF\classes\applicationContext.xml]: Invocation of init method failed; nested exception is org.springframework.core.NestedIOException: Failed to parse config resource: class path resource [mybatis/mybatis-config.xml]; nested exception is org.apache.ibatis.builder.BuilderException: Error parsing SQL Mapper Configuration. Cause: org.apache.ibatis.builder.BuilderException: Error registering typeAlias for 'User'. Cause: java.lang.ClassNotFoundException: Cannot find class: com.wangbin.entities.User
2018-06-10 14:47:19,470 ERROR org.springframework.web.context.ContextLoader - Context initialization failed
org.springframework.beans.factory.BeanCreationException: Error creating bean with name 'sqlSessionFactory' defined in file [E:\github-repository\GitHub\wangbin-ssm\target\ssm\WEB-INF\classes\applicationContext.xml]: Invocation of init method failed; nested exception is org.springframework.core.NestedIOException: Failed to parse config resource: class path resource [mybatis/mybatis-config.xml]; nested exception is org.apache.ibatis.builder.BuilderException: Error parsing SQL Mapper Configuration. Cause: org.apache.ibatis.builder.BuilderException: Error registering typeAlias for 'User'. Cause: java.lang.ClassNotFoundException: Cannot find class: com.wangbin.entities.User
	at org.springframework.beans.factory.support.AbstractAutowireCapableBeanFactory.initializeBean(AbstractAutowireCapableBeanFactory.java:1514) ~[spring-beans-3.2.16.RELEASE.jar:3.2.16.RELEASE]
	at org.springframework.beans.factory.support.AbstractAutowireCapableBeanFactory.doCreateBean(AbstractAutowireCapableBeanFactory.java:521) ~[spring-beans-3.2.16.RELEASE.jar:3.2.16.RELEASE]
	at org.springframework.beans.factory.support.AbstractAutowireCapableBeanFactory.createBean(AbstractAutowireCapableBeanFactory.java:458) ~[spring-beans-3.2.16.RELEASE.jar:3.2.16.RELEASE]
	at org.springframework.beans.factory.support.AbstractBeanFactory$1.getObject(AbstractBeanFactory.java:293) ~[spring-beans-3.2.16.RELEASE.jar:3.2.16.RELEASE]
	at org.springframework.beans.factory.support.DefaultSingletonBeanRegistry.getSingleton(DefaultSingletonBeanRegistry.java:223) ~[spring-beans-3.2.16.RELEASE.jar:3.2.16.RELEASE]
	at org.springframework.beans.factory.support.AbstractBeanFactory.doGetBean(AbstractBeanFactory.java:290) ~[spring-beans-3.2.16.RELEASE.jar:3.2.16.RELEASE]
	at org.springframework.beans.factory.support.AbstractBeanFactory.getBean(AbstractBeanFactory.java:191) ~[spring-beans-3.2.16.RELEASE.jar:3.2.16.RELEASE]
	at org.springframework.beans.factory.support.DefaultListableBeanFactory.preInstantiateSingletons(DefaultListableBeanFactory.java:618) ~[spring-beans-3.2.16.RELEASE.jar:3.2.16.RELEASE]
	at org.springframework.context.support.AbstractApplicationContext.finishBeanFactoryInitialization(AbstractApplicationContext.java:938) ~[spring-context-3.2.16.RELEASE.jar:3.2.16.RELEASE]
	at org.springframework.context.support.AbstractApplicationContext.refresh(AbstractApplicationContext.java:479) ~[spring-context-3.2.16.RELEASE.jar:3.2.16.RELEASE]
	at org.springframework.web.context.ContextLoader.configureAndRefreshWebApplicationContext(ContextLoader.java:410) ~[spring-web-3.2.16.RELEASE.jar:3.2.16.RELEASE]
	at org.springframework.web.context.ContextLoader.initWebApplicationContext(ContextLoader.java:306) ~[spring-web-3.2.16.RELEASE.jar:3.2.16.RELEASE]
	at org.springframework.web.context.ContextLoaderListener.contextInitialized(ContextLoaderListener.java:112) ~[spring-web-3.2.16.RELEASE.jar:3.2.16.RELEASE]
	at org.apache.catalina.core.StandardContext.listenerStart(StandardContext.java:4861) ~[catalina.jar:8.0.50]
	at org.apache.catalina.core.StandardContext.startInternal(StandardContext.java:5322) ~[catalina.jar:8.0.50]
	at org.apache.catalina.util.LifecycleBase.start(LifecycleBase.java:145) ~[catalina.jar:8.0.50]
	at org.apache.catalina.core.ContainerBase.addChildInternal(ContainerBase.java:753) ~[catalina.jar:8.0.50]
	at org.apache.catalina.core.ContainerBase.addChild(ContainerBase.java:729) ~[catalina.jar:8.0.50]
	at org.apache.catalina.core.StandardHost.addChild(StandardHost.java:717) ~[catalina.jar:8.0.50]
	at org.apache.catalina.startup.HostConfig.manageApp(HostConfig.java:1730) ~[catalina.jar:8.0.50]
	at sun.reflect.NativeMethodAccessorImpl.invoke0(Native Method) ~[?:1.8.0_144]
	at sun.reflect.NativeMethodAccessorImpl.invoke(NativeMethodAccessorImpl.java:62) ~[?:1.8.0_144]
	at sun.reflect.DelegatingMethodAccessorImpl.invoke(DelegatingMethodAccessorImpl.java:43) ~[?:1.8.0_144]
	at java.lang.reflect.Method.invoke(Method.java:498) ~[?:1.8.0_144]
	at org.apache.tomcat.util.modeler.BaseModelMBean.invoke(BaseModelMBean.java:300) ~[tomcat-coyote.jar:8.0.50]
	at com.sun.jmx.interceptor.DefaultMBeanServerInterceptor.invoke(DefaultMBeanServerInterceptor.java:819) ~[?:1.8.0_144]
	at com.sun.jmx.mbeanserver.JmxMBeanServer.invoke(JmxMBeanServer.java:801) ~[?:1.8.0_144]
	at org.apache.catalina.mbeans.MBeanFactory.createStandardContext(MBeanFactory.java:484) ~[catalina.jar:8.0.50]
	at org.apache.catalina.mbeans.MBeanFactory.createStandardContext(MBeanFactory.java:433) ~[catalina.jar:8.0.50]
	at sun.reflect.NativeMethodAccessorImpl.invoke0(Native Method) ~[?:1.8.0_144]
	at sun.reflect.NativeMethodAccessorImpl.invoke(NativeMethodAccessorImpl.java:62) ~[?:1.8.0_144]
	at sun.reflect.DelegatingMethodAccessorImpl.invoke(DelegatingMethodAccessorImpl.java:43) ~[?:1.8.0_144]
	at java.lang.reflect.Method.invoke(Method.java:498) ~[?:1.8.0_144]
	at org.apache.tomcat.util.modeler.BaseModelMBean.invoke(BaseModelMBean.java:300) ~[tomcat-coyote.jar:8.0.50]
	at com.sun.jmx.interceptor.DefaultMBeanServerInterceptor.invoke(DefaultMBeanServerInterceptor.java:819) ~[?:1.8.0_144]
	at com.sun.jmx.mbeanserver.JmxMBeanServer.invoke(JmxMBeanServer.java:801) ~[?:1.8.0_144]
	at javax.management.remote.rmi.RMIConnectionImpl.doOperation(RMIConnectionImpl.java:1468) ~[?:1.8.0_144]
	at javax.management.remote.rmi.RMIConnectionImpl.access$300(RMIConnectionImpl.java:76) ~[?:1.8.0_144]
	at javax.management.remote.rmi.RMIConnectionImpl$PrivilegedOperation.run(RMIConnectionImpl.java:1309) ~[?:1.8.0_144]
	at javax.management.remote.rmi.RMIConnectionImpl.doPrivilegedOperation(RMIConnectionImpl.java:1401) ~[?:1.8.0_144]
	at javax.management.remote.rmi.RMIConnectionImpl.invoke(RMIConnectionImpl.java:829) ~[?:1.8.0_144]
	at sun.reflect.NativeMethodAccessorImpl.invoke0(Native Method) ~[?:1.8.0_144]
	at sun.reflect.NativeMethodAccessorImpl.invoke(NativeMethodAccessorImpl.java:62) ~[?:1.8.0_144]
	at sun.reflect.DelegatingMethodAccessorImpl.invoke(DelegatingMethodAccessorImpl.java:43) ~[?:1.8.0_144]
	at java.lang.reflect.Method.invoke(Method.java:498) ~[?:1.8.0_144]
	at sun.rmi.server.UnicastServerRef.dispatch(UnicastServerRef.java:357) ~[?:1.8.0_144]
	at sun.rmi.transport.Transport$1.run(Transport.java:200) ~[?:1.8.0_144]
	at sun.rmi.transport.Transport$1.run(Transport.java:197) ~[?:1.8.0_144]
	at java.security.AccessController.doPrivileged(Native Method) ~[?:1.8.0_144]
	at sun.rmi.transport.Transport.serviceCall(Transport.java:196) ~[?:1.8.0_144]
	at sun.rmi.transport.tcp.TCPTransport.handleMessages(TCPTransport.java:568) ~[?:1.8.0_144]
	at sun.rmi.transport.tcp.TCPTransport$ConnectionHandler.run0(TCPTransport.java:826) ~[?:1.8.0_144]
	at sun.rmi.transport.tcp.TCPTransport$ConnectionHandler.lambda$run$0(TCPTransport.java:683) ~[?:1.8.0_144]
	at java.security.AccessController.doPrivileged(Native Method) ~[?:1.8.0_144]
	at sun.rmi.transport.tcp.TCPTransport$ConnectionHandler.run(TCPTransport.java:682) [?:1.8.0_144]
	at java.util.concurrent.ThreadPoolExecutor.runWorker(ThreadPoolExecutor.java:1149) [?:1.8.0_144]
	at java.util.concurrent.ThreadPoolExecutor$Worker.run(ThreadPoolExecutor.java:624) [?:1.8.0_144]
	at java.lang.Thread.run(Thread.java:748) [?:1.8.0_144]
Caused by: org.springframework.core.NestedIOException: Failed to parse config resource: class path resource [mybatis/mybatis-config.xml]; nested exception is org.apache.ibatis.builder.BuilderException: Error parsing SQL Mapper Configuration. Cause: org.apache.ibatis.builder.BuilderException: Error registering typeAlias for 'User'. Cause: java.lang.ClassNotFoundException: Cannot find class: com.wangbin.entities.User
	at org.mybatis.spring.SqlSessionFactoryBean.buildSqlSessionFactory(SqlSessionFactoryBean.java:461) ~[mybatis-spring-1.2.4.jar:1.2.4]
	at org.mybatis.spring.SqlSessionFactoryBean.afterPropertiesSet(SqlSessionFactoryBean.java:355) ~[mybatis-spring-1.2.4.jar:1.2.4]
	at org.springframework.beans.factory.support.AbstractAutowireCapableBeanFactory.invokeInitMethods(AbstractAutowireCapableBeanFactory.java:1573) ~[spring-beans-3.2.16.RELEASE.jar:3.2.16.RELEASE]
	at org.springframework.beans.factory.support.AbstractAutowireCapableBeanFactory.initializeBean(AbstractAutowireCapableBeanFactory.java:1511) ~[spring-beans-3.2.16.RELEASE.jar:3.2.16.RELEASE]
	... 57 more
Caused by: org.apache.ibatis.builder.BuilderException: Error parsing SQL Mapper Configuration. Cause: org.apache.ibatis.builder.BuilderException: Error registering typeAlias for 'User'. Cause: java.lang.ClassNotFoundException: Cannot find class: com.wangbin.entities.User
	at org.apache.ibatis.builder.xml.XMLConfigBuilder.parseConfiguration(XMLConfigBuilder.java:118) ~[mybatis-3.3.1.jar:3.3.1]
	at org.apache.ibatis.builder.xml.XMLConfigBuilder.parse(XMLConfigBuilder.java:96) ~[mybatis-3.3.1.jar:3.3.1]
	at org.mybatis.spring.SqlSessionFactoryBean.buildSqlSessionFactory(SqlSessionFactoryBean.java:455) ~[mybatis-spring-1.2.4.jar:1.2.4]
	at org.mybatis.spring.SqlSessionFactoryBean.afterPropertiesSet(SqlSessionFactoryBean.java:355) ~[mybatis-spring-1.2.4.jar:1.2.4]
	at org.springframework.beans.factory.support.AbstractAutowireCapableBeanFactory.invokeInitMethods(AbstractAutowireCapableBeanFactory.java:1573) ~[spring-beans-3.2.16.RELEASE.jar:3.2.16.RELEASE]
	at org.springframework.beans.factory.support.AbstractAutowireCapableBeanFactory.initializeBean(AbstractAutowireCapableBeanFactory.java:1511) ~[spring-beans-3.2.16.RELEASE.jar:3.2.16.RELEASE]
	... 57 more
Caused by: org.apache.ibatis.builder.BuilderException: Error registering typeAlias for 'User'. Cause: java.lang.ClassNotFoundException: Cannot find class: com.wangbin.entities.User
	at org.apache.ibatis.builder.xml.XMLConfigBuilder.typeAliasesElement(XMLConfigBuilder.java:166) ~[mybatis-3.3.1.jar:3.3.1]
	at org.apache.ibatis.builder.xml.XMLConfigBuilder.parseConfiguration(XMLConfigBuilder.java:106) ~[mybatis-3.3.1.jar:3.3.1]
	at org.apache.ibatis.builder.xml.XMLConfigBuilder.parse(XMLConfigBuilder.java:96) ~[mybatis-3.3.1.jar:3.3.1]
	at org.mybatis.spring.SqlSessionFactoryBean.buildSqlSessionFactory(SqlSessionFactoryBean.java:455) ~[mybatis-spring-1.2.4.jar:1.2.4]
	at org.mybatis.spring.SqlSessionFactoryBean.afterPropertiesSet(SqlSessionFactoryBean.java:355) ~[mybatis-spring-1.2.4.jar:1.2.4]
	at org.springframework.beans.factory.support.AbstractAutowireCapableBeanFactory.invokeInitMethods(AbstractAutowireCapableBeanFactory.java:1573) ~[spring-beans-3.2.16.RELEASE.jar:3.2.16.RELEASE]
	at org.springframework.beans.factory.support.AbstractAutowireCapableBeanFactory.initializeBean(AbstractAutowireCapableBeanFactory.java:1511) ~[spring-beans-3.2.16.RELEASE.jar:3.2.16.RELEASE]
	... 57 more
Caused by: java.lang.ClassNotFoundException: Cannot find class: com.wangbin.entities.User
	at org.apache.ibatis.io.ClassLoaderWrapper.classForName(ClassLoaderWrapper.java:200) ~[mybatis-3.3.1.jar:3.3.1]
	at org.apache.ibatis.io.ClassLoaderWrapper.classForName(ClassLoaderWrapper.java:89) ~[mybatis-3.3.1.jar:3.3.1]
	at org.apache.ibatis.io.Resources.classForName(Resources.java:261) ~[mybatis-3.3.1.jar:3.3.1]
	at org.apache.ibatis.builder.xml.XMLConfigBuilder.typeAliasesElement(XMLConfigBuilder.java:159) ~[mybatis-3.3.1.jar:3.3.1]
	at org.apache.ibatis.builder.xml.XMLConfigBuilder.parseConfiguration(XMLConfigBuilder.java:106) ~[mybatis-3.3.1.jar:3.3.1]
	at org.apache.ibatis.builder.xml.XMLConfigBuilder.parse(XMLConfigBuilder.java:96) ~[mybatis-3.3.1.jar:3.3.1]
	at org.mybatis.spring.SqlSessionFactoryBean.buildSqlSessionFactory(SqlSessionFactoryBean.java:455) ~[mybatis-spring-1.2.4.jar:1.2.4]
	at org.mybatis.spring.SqlSessionFactoryBean.afterPropertiesSet(SqlSessionFactoryBean.java:355) ~[mybatis-spring-1.2.4.jar:1.2.4]
	at org.springframework.beans.factory.support.AbstractAutowireCapableBeanFactory.invokeInitMethods(AbstractAutowireCapableBeanFactory.java:1573) ~[spring-beans-3.2.16.RELEASE.jar:3.2.16.RELEASE]
	at org.springframework.beans.factory.support.AbstractAutowireCapableBeanFactory.initializeBean(AbstractAutowireCapableBeanFactory.java:1511) ~[spring-beans-3.2.16.RELEASE.jar:3.2.16.RELEASE]
	... 57 more
2018-06-10 14:49:02,111 WARN  org.springframework.web.context.support.XmlWebApplicationContext - Exception encountered during context initialization - cancelling refresh attempt: org.springframework.beans.factory.BeanCreationException: Error creating bean with name 'sqlSessionFactory' defined in file [E:\github-repository\GitHub\wangbin-ssm\target\ssm\WEB-INF\classes\applicationContext.xml]: Invocation of init method failed; nested exception is org.springframework.core.NestedIOException: Failed to parse config resource: class path resource [mybatis/mybatis-config.xml]; nested exception is org.apache.ibatis.builder.BuilderException: Error parsing SQL Mapper Configuration. Cause: org.apache.ibatis.builder.BuilderException: Error registering typeAlias for 'User'. Cause: java.lang.ClassNotFoundException: Cannot find class: com.wangbin.entities.User
2018-06-10 14:49:02,128 ERROR org.springframework.web.context.ContextLoader - Context initialization failed
org.springframework.beans.factory.BeanCreationException: Error creating bean with name 'sqlSessionFactory' defined in file [E:\github-repository\GitHub\wangbin-ssm\target\ssm\WEB-INF\classes\applicationContext.xml]: Invocation of init method failed; nested exception is org.springframework.core.NestedIOException: Failed to parse config resource: class path resource [mybatis/mybatis-config.xml]; nested exception is org.apache.ibatis.builder.BuilderException: Error parsing SQL Mapper Configuration. Cause: org.apache.ibatis.builder.BuilderException: Error registering typeAlias for 'User'. Cause: java.lang.ClassNotFoundException: Cannot find class: com.wangbin.entities.User
	at org.springframework.beans.factory.support.AbstractAutowireCapableBeanFactory.initializeBean(AbstractAutowireCapableBeanFactory.java:1514) ~[spring-beans-3.2.16.RELEASE.jar:3.2.16.RELEASE]
	at org.springframework.beans.factory.support.AbstractAutowireCapableBeanFactory.doCreateBean(AbstractAutowireCapableBeanFactory.java:521) ~[spring-beans-3.2.16.RELEASE.jar:3.2.16.RELEASE]
	at org.springframework.beans.factory.support.AbstractAutowireCapableBeanFactory.createBean(AbstractAutowireCapableBeanFactory.java:458) ~[spring-beans-3.2.16.RELEASE.jar:3.2.16.RELEASE]
	at org.springframework.beans.factory.support.AbstractBeanFactory$1.getObject(AbstractBeanFactory.java:293) ~[spring-beans-3.2.16.RELEASE.jar:3.2.16.RELEASE]
	at org.springframework.beans.factory.support.DefaultSingletonBeanRegistry.getSingleton(DefaultSingletonBeanRegistry.java:223) ~[spring-beans-3.2.16.RELEASE.jar:3.2.16.RELEASE]
	at org.springframework.beans.factory.support.AbstractBeanFactory.doGetBean(AbstractBeanFactory.java:290) ~[spring-beans-3.2.16.RELEASE.jar:3.2.16.RELEASE]
	at org.springframework.beans.factory.support.AbstractBeanFactory.getBean(AbstractBeanFactory.java:191) ~[spring-beans-3.2.16.RELEASE.jar:3.2.16.RELEASE]
	at org.springframework.beans.factory.support.DefaultListableBeanFactory.preInstantiateSingletons(DefaultListableBeanFactory.java:618) ~[spring-beans-3.2.16.RELEASE.jar:3.2.16.RELEASE]
	at org.springframework.context.support.AbstractApplicationContext.finishBeanFactoryInitialization(AbstractApplicationContext.java:938) ~[spring-context-3.2.16.RELEASE.jar:3.2.16.RELEASE]
	at org.springframework.context.support.AbstractApplicationContext.refresh(AbstractApplicationContext.java:479) ~[spring-context-3.2.16.RELEASE.jar:3.2.16.RELEASE]
	at org.springframework.web.context.ContextLoader.configureAndRefreshWebApplicationContext(ContextLoader.java:410) ~[spring-web-3.2.16.RELEASE.jar:3.2.16.RELEASE]
	at org.springframework.web.context.ContextLoader.initWebApplicationContext(ContextLoader.java:306) ~[spring-web-3.2.16.RELEASE.jar:3.2.16.RELEASE]
	at org.springframework.web.context.ContextLoaderListener.contextInitialized(ContextLoaderListener.java:112) ~[spring-web-3.2.16.RELEASE.jar:3.2.16.RELEASE]
	at org.apache.catalina.core.StandardContext.listenerStart(StandardContext.java:4861) ~[catalina.jar:8.0.50]
	at org.apache.catalina.core.StandardContext.startInternal(StandardContext.java:5322) ~[catalina.jar:8.0.50]
	at org.apache.catalina.util.LifecycleBase.start(LifecycleBase.java:145) ~[catalina.jar:8.0.50]
	at org.apache.catalina.core.ContainerBase.addChildInternal(ContainerBase.java:753) ~[catalina.jar:8.0.50]
	at org.apache.catalina.core.ContainerBase.addChild(ContainerBase.java:729) ~[catalina.jar:8.0.50]
	at org.apache.catalina.core.StandardHost.addChild(StandardHost.java:717) ~[catalina.jar:8.0.50]
	at org.apache.catalina.startup.HostConfig.manageApp(HostConfig.java:1730) ~[catalina.jar:8.0.50]
	at sun.reflect.NativeMethodAccessorImpl.invoke0(Native Method) ~[?:1.8.0_144]
	at sun.reflect.NativeMethodAccessorImpl.invoke(NativeMethodAccessorImpl.java:62) ~[?:1.8.0_144]
	at sun.reflect.DelegatingMethodAccessorImpl.invoke(DelegatingMethodAccessorImpl.java:43) ~[?:1.8.0_144]
	at java.lang.reflect.Method.invoke(Method.java:498) ~[?:1.8.0_144]
	at org.apache.tomcat.util.modeler.BaseModelMBean.invoke(BaseModelMBean.java:300) ~[tomcat-coyote.jar:8.0.50]
	at com.sun.jmx.interceptor.DefaultMBeanServerInterceptor.invoke(DefaultMBeanServerInterceptor.java:819) ~[?:1.8.0_144]
	at com.sun.jmx.mbeanserver.JmxMBeanServer.invoke(JmxMBeanServer.java:801) ~[?:1.8.0_144]
	at org.apache.catalina.mbeans.MBeanFactory.createStandardContext(MBeanFactory.java:484) ~[catalina.jar:8.0.50]
	at org.apache.catalina.mbeans.MBeanFactory.createStandardContext(MBeanFactory.java:433) ~[catalina.jar:8.0.50]
	at sun.reflect.NativeMethodAccessorImpl.invoke0(Native Method) ~[?:1.8.0_144]
	at sun.reflect.NativeMethodAccessorImpl.invoke(NativeMethodAccessorImpl.java:62) ~[?:1.8.0_144]
	at sun.reflect.DelegatingMethodAccessorImpl.invoke(DelegatingMethodAccessorImpl.java:43) ~[?:1.8.0_144]
	at java.lang.reflect.Method.invoke(Method.java:498) ~[?:1.8.0_144]
	at org.apache.tomcat.util.modeler.BaseModelMBean.invoke(BaseModelMBean.java:300) ~[tomcat-coyote.jar:8.0.50]
	at com.sun.jmx.interceptor.DefaultMBeanServerInterceptor.invoke(DefaultMBeanServerInterceptor.java:819) ~[?:1.8.0_144]
	at com.sun.jmx.mbeanserver.JmxMBeanServer.invoke(JmxMBeanServer.java:801) ~[?:1.8.0_144]
	at javax.management.remote.rmi.RMIConnectionImpl.doOperation(RMIConnectionImpl.java:1468) ~[?:1.8.0_144]
	at javax.management.remote.rmi.RMIConnectionImpl.access$300(RMIConnectionImpl.java:76) ~[?:1.8.0_144]
	at javax.management.remote.rmi.RMIConnectionImpl$PrivilegedOperation.run(RMIConnectionImpl.java:1309) ~[?:1.8.0_144]
	at javax.management.remote.rmi.RMIConnectionImpl.doPrivilegedOperation(RMIConnectionImpl.java:1401) ~[?:1.8.0_144]
	at javax.management.remote.rmi.RMIConnectionImpl.invoke(RMIConnectionImpl.java:829) ~[?:1.8.0_144]
	at sun.reflect.NativeMethodAccessorImpl.invoke0(Native Method) ~[?:1.8.0_144]
	at sun.reflect.NativeMethodAccessorImpl.invoke(NativeMethodAccessorImpl.java:62) ~[?:1.8.0_144]
	at sun.reflect.DelegatingMethodAccessorImpl.invoke(DelegatingMethodAccessorImpl.java:43) ~[?:1.8.0_144]
	at java.lang.reflect.Method.invoke(Method.java:498) ~[?:1.8.0_144]
	at sun.rmi.server.UnicastServerRef.dispatch(UnicastServerRef.java:357) ~[?:1.8.0_144]
	at sun.rmi.transport.Transport$1.run(Transport.java:200) ~[?:1.8.0_144]
	at sun.rmi.transport.Transport$1.run(Transport.java:197) ~[?:1.8.0_144]
	at java.security.AccessController.doPrivileged(Native Method) ~[?:1.8.0_144]
	at sun.rmi.transport.Transport.serviceCall(Transport.java:196) ~[?:1.8.0_144]
	at sun.rmi.transport.tcp.TCPTransport.handleMessages(TCPTransport.java:568) ~[?:1.8.0_144]
	at sun.rmi.transport.tcp.TCPTransport$ConnectionHandler.run0(TCPTransport.java:826) ~[?:1.8.0_144]
	at sun.rmi.transport.tcp.TCPTransport$ConnectionHandler.lambda$run$0(TCPTransport.java:683) ~[?:1.8.0_144]
	at java.security.AccessController.doPrivileged(Native Method) ~[?:1.8.0_144]
	at sun.rmi.transport.tcp.TCPTransport$ConnectionHandler.run(TCPTransport.java:682) [?:1.8.0_144]
	at java.util.concurrent.ThreadPoolExecutor.runWorker(ThreadPoolExecutor.java:1149) [?:1.8.0_144]
	at java.util.concurrent.ThreadPoolExecutor$Worker.run(ThreadPoolExecutor.java:624) [?:1.8.0_144]
	at java.lang.Thread.run(Thread.java:748) [?:1.8.0_144]
Caused by: org.springframework.core.NestedIOException: Failed to parse config resource: class path resource [mybatis/mybatis-config.xml]; nested exception is org.apache.ibatis.builder.BuilderException: Error parsing SQL Mapper Configuration. Cause: org.apache.ibatis.builder.BuilderException: Error registering typeAlias for 'User'. Cause: java.lang.ClassNotFoundException: Cannot find class: com.wangbin.entities.User
	at org.mybatis.spring.SqlSessionFactoryBean.buildSqlSessionFactory(SqlSessionFactoryBean.java:461) ~[mybatis-spring-1.2.4.jar:1.2.4]
	at org.mybatis.spring.SqlSessionFactoryBean.afterPropertiesSet(SqlSessionFactoryBean.java:355) ~[mybatis-spring-1.2.4.jar:1.2.4]
	at org.springframework.beans.factory.support.AbstractAutowireCapableBeanFactory.invokeInitMethods(AbstractAutowireCapableBeanFactory.java:1573) ~[spring-beans-3.2.16.RELEASE.jar:3.2.16.RELEASE]
	at org.springframework.beans.factory.support.AbstractAutowireCapableBeanFactory.initializeBean(AbstractAutowireCapableBeanFactory.java:1511) ~[spring-beans-3.2.16.RELEASE.jar:3.2.16.RELEASE]
	... 57 more
Caused by: org.apache.ibatis.builder.BuilderException: Error parsing SQL Mapper Configuration. Cause: org.apache.ibatis.builder.BuilderException: Error registering typeAlias for 'User'. Cause: java.lang.ClassNotFoundException: Cannot find class: com.wangbin.entities.User
	at org.apache.ibatis.builder.xml.XMLConfigBuilder.parseConfiguration(XMLConfigBuilder.java:118) ~[mybatis-3.3.1.jar:3.3.1]
	at org.apache.ibatis.builder.xml.XMLConfigBuilder.parse(XMLConfigBuilder.java:96) ~[mybatis-3.3.1.jar:3.3.1]
	at org.mybatis.spring.SqlSessionFactoryBean.buildSqlSessionFactory(SqlSessionFactoryBean.java:455) ~[mybatis-spring-1.2.4.jar:1.2.4]
	at org.mybatis.spring.SqlSessionFactoryBean.afterPropertiesSet(SqlSessionFactoryBean.java:355) ~[mybatis-spring-1.2.4.jar:1.2.4]
	at org.springframework.beans.factory.support.AbstractAutowireCapableBeanFactory.invokeInitMethods(AbstractAutowireCapableBeanFactory.java:1573) ~[spring-beans-3.2.16.RELEASE.jar:3.2.16.RELEASE]
	at org.springframework.beans.factory.support.AbstractAutowireCapableBeanFactory.initializeBean(AbstractAutowireCapableBeanFactory.java:1511) ~[spring-beans-3.2.16.RELEASE.jar:3.2.16.RELEASE]
	... 57 more
Caused by: org.apache.ibatis.builder.BuilderException: Error registering typeAlias for 'User'. Cause: java.lang.ClassNotFoundException: Cannot find class: com.wangbin.entities.User
	at org.apache.ibatis.builder.xml.XMLConfigBuilder.typeAliasesElement(XMLConfigBuilder.java:166) ~[mybatis-3.3.1.jar:3.3.1]
	at org.apache.ibatis.builder.xml.XMLConfigBuilder.parseConfiguration(XMLConfigBuilder.java:106) ~[mybatis-3.3.1.jar:3.3.1]
	at org.apache.ibatis.builder.xml.XMLConfigBuilder.parse(XMLConfigBuilder.java:96) ~[mybatis-3.3.1.jar:3.3.1]
	at org.mybatis.spring.SqlSessionFactoryBean.buildSqlSessionFactory(SqlSessionFactoryBean.java:455) ~[mybatis-spring-1.2.4.jar:1.2.4]
	at org.mybatis.spring.SqlSessionFactoryBean.afterPropertiesSet(SqlSessionFactoryBean.java:355) ~[mybatis-spring-1.2.4.jar:1.2.4]
	at org.springframework.beans.factory.support.AbstractAutowireCapableBeanFactory.invokeInitMethods(AbstractAutowireCapableBeanFactory.java:1573) ~[spring-beans-3.2.16.RELEASE.jar:3.2.16.RELEASE]
	at org.springframework.beans.factory.support.AbstractAutowireCapableBeanFactory.initializeBean(AbstractAutowireCapableBeanFactory.java:1511) ~[spring-beans-3.2.16.RELEASE.jar:3.2.16.RELEASE]
	... 57 more
Caused by: java.lang.ClassNotFoundException: Cannot find class: com.wangbin.entities.User
	at org.apache.ibatis.io.ClassLoaderWrapper.classForName(ClassLoaderWrapper.java:200) ~[mybatis-3.3.1.jar:3.3.1]
	at org.apache.ibatis.io.ClassLoaderWrapper.classForName(ClassLoaderWrapper.java:89) ~[mybatis-3.3.1.jar:3.3.1]
	at org.apache.ibatis.io.Resources.classForName(Resources.java:261) ~[mybatis-3.3.1.jar:3.3.1]
	at org.apache.ibatis.builder.xml.XMLConfigBuilder.typeAliasesElement(XMLConfigBuilder.java:159) ~[mybatis-3.3.1.jar:3.3.1]
	at org.apache.ibatis.builder.xml.XMLConfigBuilder.parseConfiguration(XMLConfigBuilder.java:106) ~[mybatis-3.3.1.jar:3.3.1]
	at org.apache.ibatis.builder.xml.XMLConfigBuilder.parse(XMLConfigBuilder.java:96) ~[mybatis-3.3.1.jar:3.3.1]
	at org.mybatis.spring.SqlSessionFactoryBean.buildSqlSessionFactory(SqlSessionFactoryBean.java:455) ~[mybatis-spring-1.2.4.jar:1.2.4]
	at org.mybatis.spring.SqlSessionFactoryBean.afterPropertiesSet(SqlSessionFactoryBean.java:355) ~[mybatis-spring-1.2.4.jar:1.2.4]
	at org.springframework.beans.factory.support.AbstractAutowireCapableBeanFactory.invokeInitMethods(AbstractAutowireCapableBeanFactory.java:1573) ~[spring-beans-3.2.16.RELEASE.jar:3.2.16.RELEASE]
	at org.springframework.beans.factory.support.AbstractAutowireCapableBeanFactory.initializeBean(AbstractAutowireCapableBeanFactory.java:1511) ~[spring-beans-3.2.16.RELEASE.jar:3.2.16.RELEASE]
	... 57 more
2018-06-10 14:51:36,454 WARN  org.springframework.web.servlet.PageNotFound - No mapping found for HTTP request with URI [/favicon.ico] in DispatcherServlet with name 'springmvc'
2018-06-10 14:51:55,973 INFO  com.wangbin.controller.UserController - add page...
2018-06-10 14:54:27,401 INFO  com.wangbin.controller.UserController - 注册成功..
2018-06-10 14:55:09,128 INFO  com.wangbin.controller.UserController - add page...
2018-06-10 14:55:40,273 INFO  com.wangbin.controller.UserController - 注册成功..
2018-06-10 14:56:01,481 INFO  com.wangbin.controller.UserController - 更新用户数据成功
2018-06-10 14:56:08,975 INFO  com.wangbin.controller.UserController - add page...
2018-06-10 14:56:28,208 INFO  com.wangbin.controller.UserController - 注册成功..
2018-06-10 14:56:35,503 INFO  com.wangbin.controller.UserController - 删除用户数据成功..

2018-06-10 22:42:36,788 INFO  com.wangbin.controller.UserController - add page...
2018-06-10 22:43:03,460 INFO  com.wangbin.controller.UserController - 注册成功..
2018-06-10 22:45:36,200 INFO  com.wangbin.controller.UserController - 更新用户数据成功
2018-06-10 22:56:47,930 INFO  com.wangbin.controller.UserController - add page...
2018-06-10 22:57:12,000 WARN  org.springframework.web.servlet.PageNotFound - No mapping found for HTTP request with URI [/user/user/register] in DispatcherServlet with name 'springmvc'
2018-06-10 22:58:19,491 WARN  org.springframework.web.servlet.PageNotFound - No mapping found for HTTP request with URI [/user/user/register] in DispatcherServlet with name 'springmvc'
2018-06-10 22:58:19,491 INFO  com.wangbin.controller.UserController - add page...
2018-06-10 23:00:03,504 INFO  com.wangbin.controller.UserController - add page...
2018-06-10 23:00:15,641 WARN  org.springframework.web.servlet.PageNotFound - No mapping found for HTTP request with URI [/user/user/register] in DispatcherServlet with name 'springmvc'
2018-06-10 23:00:55,324 INFO  com.wangbin.controller.UserController - add page...
2018-06-10 23:01:10,417 INFO  com.wangbin.controller.UserController - add page...
2018-06-10 23:01:16,573 WARN  org.springframework.web.servlet.PageNotFound - No mapping found for HTTP request with URI [/user/user/register] in DispatcherServlet with name 'springmvc'
2018-06-10 23:05:00,936 INFO  com.wangbin.controller.UserController - add page...
2018-06-10 23:05:10,021 INFO  com.wangbin.controller.UserController - 注册成功..
2018-06-10 23:05:19,213 INFO  com.wangbin.controller.UserController - 更新用户数据成功
2018-06-10 23:05:23,446 INFO  com.wangbin.controller.UserController - add page...
2018-06-10 23:05:36,416 INFO  com.wangbin.controller.UserController - 注册成功..
2018-06-10 23:05:52,067 INFO  com.wangbin.controller.UserController - 删除用户数据成功..
2018-06-10 23:24:50,608 WARN  org.springframework.web.servlet.PageNotFound - No mapping found for HTTP request with URI [/favicon.ico] in DispatcherServlet with name 'springmvc'
